<?xml version="1.0" encoding="UTF-8"?>
<coverage generated="1513003118284" clover="3.2.0">
  <project timestamp="1513003118285" name="All files">
    <metrics statements="28" coveredstatements="28" conditionals="15" coveredconditionals="15" methods="5" coveredmethods="5" elements="48" coveredelements="48" complexity="0" loc="28" ncloc="28" packages="1" files="1" classes="1">
      <file name="nim.js" path="C:\cygwin64\home\Fagerlund\dbwebb-kurser\ramverk2\me\nim-core\src\nim\nim.js">
        <metrics statements="28" coveredstatements="28" conditionals="15" coveredconditionals="15" methods="5" coveredmethods="5"/>
        <line num="15" count="10" type="cond" truecount="2" falsecount="0"/>
        <line num="16" count="10" type="stmt"/>
        <line num="17" count="10" type="stmt"/>
        <line num="18" count="30" type="stmt"/>
        <line num="20" count="30" type="stmt"/>
        <line num="23" count="10" type="cond" truecount="2" falsecount="0"/>
        <line num="24" count="10" type="stmt"/>
        <line num="26" count="10" type="stmt"/>
        <line num="27" count="10" type="stmt"/>
        <line num="40" count="2" type="stmt"/>
        <line num="41" count="2" type="stmt"/>
        <line num="52" count="2" type="cond" truecount="2" falsecount="0"/>
        <line num="53" count="1" type="stmt"/>
        <line num="55" count="1" type="stmt"/>
        <line num="57" count="2" type="stmt"/>
        <line num="72" count="6" type="cond" truecount="4" falsecount="0"/>
        <line num="73" count="5" type="cond" truecount="2" falsecount="0"/>
        <line num="74" count="4" type="stmt"/>
        <line num="75" count="4" type="stmt"/>
        <line num="77" count="1" type="stmt"/>
        <line num="80" count="1" type="stmt"/>
        <line num="92" count="2" type="stmt"/>
        <line num="94" count="2" type="stmt"/>
        <line num="95" count="6" type="stmt"/>
        <line num="97" count="2" type="cond" truecount="2" falsecount="0"/>
        <line num="98" count="1" type="stmt"/>
        <line num="100" count="1" type="stmt"/>
        <line num="106" count="1" type="stmt"/>
      </file>
    </metrics>
  </project>
</coverage>
